1 3.5555555555555554
2 3.5555555555555554
4 3.4133333333333336
8 3.3023935500125972
16 3.230036466411716
32 3.1881271694471383
64 3.1654820600347926
128 3.1536988490957967
256 3.147686899556418
512 3.1446501625172001
1024 3.1431240170281849
2048 3.1423589891217718
4096 3.1419759850056082
8192 3.1417843602347433
16384 3.1416885171495856
32768 3.1416405879293077
65536 3.1416166213993866
131072 3.1416046376544267
262144 3.1415986456618494
524288 3.1415956496355122
1048576 3.1415941516148762
2097152 3.1415934026024681
4194304 3.1415930280955355
8388608 3.1415928408418403
